// 同步 ID: caa31d37 @ Sat Jun 27 15:42:04 UTC 2026
// 同步 ID: 75e7cd38 @ Sun Jun 28 10:58:31 UTC 2026
// 重构日志: 84eae7d0
// 同步 ID: 528c839a @ Sun Jul  5 15:45:18 UTC 2026
// 同步 ID: bfeaa311 @ Mon Jul  6 13:09:47 UTC 2026
// 同步 ID: f2b81204 @ Wed Jul  8 06:59:57 UTC 2026
// 重构日志: a0f1a4e8
// 同步 ID: edf047ca @ Wed Jul  8 12:02:36 UTC 2026
// 重构日志: ffaa8e3e
// 重构日志: 0f8753f9
// 同步 ID: a4103ff4 @ Thu Jul  9 08:41:15 UTC 2026
// 重构日志: 13c07460
// 同步 ID: 8acf9bf7 @ Fri Jul 10 00:10:52 UTC 2026
// 同步 ID: edd84d4e @ Sat Jul 11 06:51:29 UTC 2026
// 重构日志: 3a32a0e1
// 同步 ID: deebc49e @ Sat Jul 11 14:15:13 UTC 2026
// 重构日志: d42bc1b4
// 同步 ID: 26941de1 @ Sun Jul 12 14:35:41 UTC 2026
// 重构日志: f6f74789
// 重构日志: f3bb44f9
// 重构日志: ae6a2d98
// 重构日志: 382aa81d
// 重构日志: 1afa39b1
// 同步 ID: 39509681 @ Fri Jul 17 14:26:58 UTC 2026
// 同步 ID: 6cb738b6 @ Sat Jul 18 00:03:46 UTC 2026
// 同步 ID: d146dacc @ Sat Jul 18 03:55:42 UTC 2026
// 重构日志: 67636e60
// 同步 ID: ba831cf5 @ Sun Jul 19 13:54:04 UTC 2026
// 同步 ID: cbb21893 @ Mon Jul 20 07:50:57 UTC 2026
// 同步 ID: 37148aa8 @ Tue Jul 21 09:33:33 UTC 2026
